<?xml version="1.0" encoding="UTF-8"?>
<testsuite xmlns:xsi="http://www.w3.org/2001/XMLSchema-instance" xsi:noNamespaceSchemaLocation="https://maven.apache.org/surefire/maven-surefire-plugin/xsd/surefire-test-report.xsd" name="TestSuite" time="2.698" tests="1" errors="0" skipped="0" failures="1">
  <properties>
[...]
</properties>
  <testcase name="Request" classname="api.SwaggerTestNG.API" time="2.195">
    <failure message="1 expectation failed.&#10;Expected status code &lt;200&gt; but was &lt;404&gt;.&#10;" type="java.lang.AssertionError"><![CDATA[java.lang.AssertionError: 
1 expectation failed.
Expected status code <200> but was <404>.

	at api.SwaggerTestNG.API.Request(API.java:47)
]]></failure>
    <system-out><![CDATA[reqtype : delete
Request method:	DELETE
Request URI:	http://localhost:3030/stores/0
Proxy:			<none>
Request params:	<none>
Query params:	<none>
Form params:	<none>
Path params:	id=0
Headers:		Accept=*/*
				Content-Type=application/json; charset=UTF-8
Cookies:		<none>
Multiparts:		<none>
Body:			<none>
HTTP/1.1 404 Not Found
X-Powered-By: Express
Access-Control-Allow-Origin: *
Allow: GET,POST,PUT,PATCH,DELETE
Content-Type: application/json; charset=utf-8
Content-Length: 105
ETag: W/"69-I0u8sy7zuJnokbXHOiDmc8NAyAg"
Vary: Accept-Encoding
Date: Sun, 08 Nov 2020 16:45:24 GMT
Connection: keep-alive
Keep-Alive: timeout=5

{
    "name": "NotFound",
    "message": "No record found for id '0'",
    "code": 404,
    "className": "not-found",
    "errors": {
        
    }
}
]]></system-out>
  </testcase>
</testsuite>