<?xml version="1.0" encoding="UTF-8"?>
<testng-results skipped="0" failed="0" ignored="0" total="1" passed="1">
  <reporter-output>
  </reporter-output>
  <suite name="Default suite" duration-ms="3418" started-at="2020-11-08T15:54:59Z" finished-at="2020-11-08T15:55:02Z">
    <groups>
    </groups>
    <test name="Default test" duration-ms="3418" started-at="2020-11-08T15:54:59Z" finished-at="2020-11-08T15:55:02Z">
      <class name="api.SwaggerTestNG.API">
        <test-method status="PASS" signature="Request()[pri:0, instance:api.SwaggerTestNG.API@46d56d67]" name="Request" duration-ms="3396" started-at="2020-11-08T15:54:59Z" finished-at="2020-11-08T15:55:02Z">
          <reporter-output>
          </reporter-output>
        </test-method> <!-- Request -->
      </class> <!-- api.SwaggerTestNG.API -->
    </test> <!-- Default test -->
  </suite> <!-- Default suite -->
</testng-results>
